2020-03-26 00:01:14,090 INFO org.springframework.boot.SpringApplication [main] The following profiles are active: qa
2020-03-26 00:01:14,852 INFO org.springframework.cloud.context.scope.GenericScope [main] BeanFactory id=2714493b-3959-3135-9c7b-1d49bf497ffa
2020-03-26 00:01:15,057 INFO org.springframework.boot.web.embedded.tomcat.TomcatWebServer [main] Tomcat initialized with port(s): 8888 (http)
2020-03-26 00:01:15,064 INFO org.apache.juli.logging.DirectJDKLog [main] Initializing ProtocolHandler ["http-nio-8888"]
2020-03-26 00:01:15,065 INFO org.apache.juli.logging.DirectJDKLog [main] Starting service [Tomcat]
2020-03-26 00:01:15,065 INFO org.apache.juli.logging.DirectJDKLog [main] Starting Servlet engine: [Apache Tomcat/9.0.31]
2020-03-26 00:01:15,298 INFO org.apache.juli.logging.DirectJDKLog [main] Initializing Spring embedded WebApplicationContext
2020-03-26 00:01:15,302 INFO org.springframework.boot.web.servlet.context.ServletWebServerApplicationContext [main] Root WebApplicationContext: initialization completed in 1176 ms
2020-03-26 00:01:15,713 INFO org.springframework.scheduling.concurrent.ExecutorConfigurationSupport [main] Initializing ExecutorService 'applicationTaskExecutor'
2020-03-26 00:01:16,079 INFO org.springframework.boot.actuate.endpoint.web.EndpointLinksResolver [main] Exposing 2 endpoint(s) beneath base path '/actuator'
2020-03-26 00:01:16,130 INFO org.apache.juli.logging.DirectJDKLog [main] Starting ProtocolHandler ["http-nio-8888"]
2020-03-26 00:01:16,152 INFO org.springframework.boot.web.embedded.tomcat.TomcatWebServer [main] Tomcat started on port(s): 8888 (http) with context path ''
2020-03-26 00:01:16,287 INFO org.springframework.boot.StartupInfoLogger [main] Started CloudConfigServerApplication in 3.49 seconds (JVM running for 4.118)
2020-03-26 00:01:16,710 INFO org.apache.juli.logging.DirectJDKLog [RMI TCP Connection(2)-192.168.1.4] Initializing Spring DispatcherServlet 'dispatcherServlet'
2020-03-26 00:01:16,712 INFO org.springframework.web.servlet.FrameworkServlet [RMI TCP Connection(2)-192.168.1.4] Initializing Servlet 'dispatcherServlet'
2020-03-26 00:01:16,718 INFO org.springframework.web.servlet.FrameworkServlet [RMI TCP Connection(2)-192.168.1.4] Completed initialization in 6 ms
2020-03-26 00:01:17,223 WARN org.springframework.cloud.config.server.environment.JGitEnvironmentRepository [RMI TCP Connection(1)-192.168.1.4] Could not merge remote for master remote: null
2020-03-26 00:01:35,814 WARN org.springframework.cloud.config.server.environment.JGitEnvironmentRepository [http-nio-8888-exec-1] Could not merge remote for master remote: null
2020-03-26 00:01:36,144 INFO org.springframework.cloud.config.server.environment.NativeEnvironmentRepository [http-nio-8888-exec-1] Adding property source: file:/D:/udemy/git-localconfig-repo/limits-service.properties
2020-03-26 00:10:51,144 WARN org.springframework.cloud.config.server.environment.JGitEnvironmentRepository [http-nio-8888-exec-3] Could not merge remote for master remote: null
2020-03-26 00:10:51,400 INFO org.springframework.cloud.config.server.environment.NativeEnvironmentRepository [http-nio-8888-exec-3] Adding property source: file:/D:/udemy/git-localconfig-repo/limits-service-dev.properties
2020-03-26 00:12:36,711 WARN org.springframework.cloud.config.server.environment.JGitEnvironmentRepository [http-nio-8888-exec-8] Could not merge remote for master remote: null
2020-03-26 00:12:36,874 INFO org.springframework.cloud.config.server.environment.NativeEnvironmentRepository [http-nio-8888-exec-8] Adding property source: file:/D:/udemy/git-localconfig-repo/limits-service-dev.properties
2020-03-26 00:13:26,471 WARN org.springframework.cloud.config.server.environment.JGitEnvironmentRepository [http-nio-8888-exec-7] Could not merge remote for master remote: null
2020-03-26 00:13:26,651 INFO org.springframework.cloud.config.server.environment.NativeEnvironmentRepository [http-nio-8888-exec-7] Adding property source: file:/D:/udemy/git-localconfig-repo/limits-service-dev.properties
2020-03-26 00:18:39,780 WARN org.springframework.cloud.config.server.environment.JGitEnvironmentRepository [http-nio-8888-exec-9] Could not merge remote for master remote: null
2020-03-26 00:18:39,951 INFO org.springframework.cloud.config.server.environment.NativeEnvironmentRepository [http-nio-8888-exec-9] Adding property source: file:/D:/udemy/git-localconfig-repo/limits-service-dev.properties
2020-03-26 00:20:25,064 WARN org.springframework.cloud.config.server.environment.JGitEnvironmentRepository [http-nio-8888-exec-1] Could not merge remote for master remote: null
2020-03-26 00:20:25,313 INFO org.springframework.cloud.config.server.environment.NativeEnvironmentRepository [http-nio-8888-exec-1] Adding property source: file:/D:/udemy/git-localconfig-repo/limits-service-dev.properties
2020-03-26 00:22:11,904 WARN org.springframework.cloud.config.server.environment.JGitEnvironmentRepository [http-nio-8888-exec-3] Could not merge remote for master remote: null
2020-03-26 00:22:12,125 INFO org.springframework.cloud.config.server.environment.NativeEnvironmentRepository [http-nio-8888-exec-3] Adding property source: file:/D:/udemy/git-localconfig-repo/limits-service-dev.properties
