2020-03-25 21:30:50,176 INFO org.springframework.boot.SpringApplication [main] The following profiles are active: qa
2020-03-25 21:30:51,534 INFO org.springframework.cloud.context.scope.GenericScope [main] BeanFactory id=fcb0076d-ec8a-3bc3-83c1-e3e163ee78f4
2020-03-25 21:30:52,817 INFO org.springframework.boot.web.embedded.tomcat.TomcatWebServer [main] Tomcat initialized with port(s): 8888 (http)
2020-03-25 21:30:52,833 INFO org.apache.juli.logging.DirectJDKLog [main] Initializing ProtocolHandler ["http-nio-8888"]
2020-03-25 21:30:52,833 INFO org.apache.juli.logging.DirectJDKLog [main] Starting service [Tomcat]
2020-03-25 21:30:52,833 INFO org.apache.juli.logging.DirectJDKLog [main] Starting Servlet engine: [Apache Tomcat/9.0.31]
2020-03-25 21:30:53,161 INFO org.apache.juli.logging.DirectJDKLog [main] Initializing Spring embedded WebApplicationContext
2020-03-25 21:30:53,161 INFO org.springframework.boot.web.servlet.context.ServletWebServerApplicationContext [main] Root WebApplicationContext: initialization completed in 2969 ms
2020-03-25 21:30:54,836 INFO org.springframework.scheduling.concurrent.ExecutorConfigurationSupport [main] Initializing ExecutorService 'applicationTaskExecutor'
2020-03-25 21:30:55,963 INFO org.springframework.boot.actuate.endpoint.web.EndpointLinksResolver [main] Exposing 15 endpoint(s) beneath base path '/actuator'
2020-03-25 21:30:56,027 INFO org.apache.juli.logging.DirectJDKLog [main] Starting ProtocolHandler ["http-nio-8888"]
2020-03-25 21:30:56,060 INFO org.springframework.boot.web.embedded.tomcat.TomcatWebServer [main] Tomcat started on port(s): 8888 (http) with context path ''
2020-03-25 21:30:56,669 INFO org.springframework.boot.StartupInfoLogger [main] Started CloudConfigServerApplication in 8.588 seconds (JVM running for 9.217)
2020-03-25 21:31:42,675 INFO org.apache.juli.logging.DirectJDKLog [http-nio-8888-exec-1] Initializing Spring DispatcherServlet 'dispatcherServlet'
2020-03-25 21:31:42,676 INFO org.springframework.web.servlet.FrameworkServlet [http-nio-8888-exec-1] Initializing Servlet 'dispatcherServlet'
2020-03-25 21:31:42,687 INFO org.springframework.web.servlet.FrameworkServlet [http-nio-8888-exec-1] Completed initialization in 10 ms
2020-03-25 22:32:52,672 INFO org.springframework.boot.SpringApplication [main] The following profiles are active: qa
2020-03-25 22:32:53,773 INFO org.springframework.cloud.context.scope.GenericScope [main] BeanFactory id=fcb0076d-ec8a-3bc3-83c1-e3e163ee78f4
2020-03-25 22:32:54,673 INFO org.springframework.boot.web.embedded.tomcat.TomcatWebServer [main] Tomcat initialized with port(s): 8888 (http)
2020-03-25 22:32:54,689 INFO org.apache.juli.logging.DirectJDKLog [main] Initializing ProtocolHandler ["http-nio-8888"]
2020-03-25 22:32:54,704 INFO org.apache.juli.logging.DirectJDKLog [main] Starting service [Tomcat]
2020-03-25 22:32:54,704 INFO org.apache.juli.logging.DirectJDKLog [main] Starting Servlet engine: [Apache Tomcat/9.0.31]
2020-03-25 22:32:54,991 INFO org.apache.juli.logging.DirectJDKLog [main] Initializing Spring embedded WebApplicationContext
2020-03-25 22:32:54,991 INFO org.springframework.boot.web.servlet.context.ServletWebServerApplicationContext [main] Root WebApplicationContext: initialization completed in 2303 ms
2020-03-25 22:32:56,212 INFO org.springframework.scheduling.concurrent.ExecutorConfigurationSupport [main] Initializing ExecutorService 'applicationTaskExecutor'
2020-03-25 22:32:56,941 INFO org.springframework.boot.actuate.endpoint.web.EndpointLinksResolver [main] Exposing 15 endpoint(s) beneath base path '/actuator'
2020-03-25 22:32:56,972 INFO org.apache.juli.logging.DirectJDKLog [main] Starting ProtocolHandler ["http-nio-8888"]
2020-03-25 22:32:57,016 INFO org.springframework.boot.web.embedded.tomcat.TomcatWebServer [main] Tomcat started on port(s): 8888 (http) with context path ''
2020-03-25 22:32:57,364 INFO org.springframework.boot.StartupInfoLogger [main] Started CloudConfigServerApplication in 6.763 seconds (JVM running for 7.451)
2020-03-25 22:33:37,482 INFO org.apache.juli.logging.DirectJDKLog [http-nio-8888-exec-1] Initializing Spring DispatcherServlet 'dispatcherServlet'
2020-03-25 22:33:37,482 INFO org.springframework.web.servlet.FrameworkServlet [http-nio-8888-exec-1] Initializing Servlet 'dispatcherServlet'
2020-03-25 22:33:37,497 INFO org.springframework.web.servlet.FrameworkServlet [http-nio-8888-exec-1] Completed initialization in 15 ms
2020-03-25 23:14:40,277 INFO org.springframework.boot.SpringApplication [main] No active profile set, falling back to default profiles: default
2020-03-25 23:14:41,016 INFO org.springframework.cloud.context.scope.GenericScope [main] BeanFactory id=2714493b-3959-3135-9c7b-1d49bf497ffa
2020-03-25 23:14:41,236 INFO org.springframework.boot.web.embedded.tomcat.TomcatWebServer [main] Tomcat initialized with port(s): 8888 (http)
2020-03-25 23:14:41,236 INFO org.apache.juli.logging.DirectJDKLog [main] Initializing ProtocolHandler ["http-nio-8888"]
2020-03-25 23:14:41,236 INFO org.apache.juli.logging.DirectJDKLog [main] Starting service [Tomcat]
2020-03-25 23:14:41,236 INFO org.apache.juli.logging.DirectJDKLog [main] Starting Servlet engine: [Apache Tomcat/9.0.31]
2020-03-25 23:14:41,347 INFO org.apache.juli.logging.DirectJDKLog [main] Initializing Spring embedded WebApplicationContext
2020-03-25 23:14:41,347 INFO org.springframework.boot.web.servlet.context.ServletWebServerApplicationContext [main] Root WebApplicationContext: initialization completed in 1054 ms
2020-03-25 23:14:41,793 INFO org.springframework.scheduling.concurrent.ExecutorConfigurationSupport [main] Initializing ExecutorService 'applicationTaskExecutor'
2020-03-25 23:14:42,241 INFO org.springframework.boot.actuate.endpoint.web.EndpointLinksResolver [main] Exposing 2 endpoint(s) beneath base path '/actuator'
2020-03-25 23:14:42,320 INFO org.apache.juli.logging.DirectJDKLog [main] Starting ProtocolHandler ["http-nio-8888"]
2020-03-25 23:14:42,351 INFO org.springframework.boot.web.embedded.tomcat.TomcatWebServer [main] Tomcat started on port(s): 8888 (http) with context path ''
2020-03-25 23:14:42,542 INFO org.springframework.boot.StartupInfoLogger [main] Started CloudConfigServerApplication in 3.503 seconds (JVM running for 4.319)
2020-03-25 23:14:42,868 INFO org.apache.juli.logging.DirectJDKLog [RMI TCP Connection(1)-192.168.1.4] Initializing Spring DispatcherServlet 'dispatcherServlet'
2020-03-25 23:14:42,868 INFO org.springframework.web.servlet.FrameworkServlet [RMI TCP Connection(1)-192.168.1.4] Initializing Servlet 'dispatcherServlet'
2020-03-25 23:14:42,876 INFO org.springframework.web.servlet.FrameworkServlet [RMI TCP Connection(1)-192.168.1.4] Completed initialization in 8 ms
2020-03-25 23:14:43,286 WARN org.springframework.cloud.config.server.environment.JGitEnvironmentRepository [RMI TCP Connection(2)-192.168.1.4] Could not merge remote for master remote: null
2020-03-25 23:15:41,805 WARN org.springframework.cloud.config.server.environment.JGitEnvironmentRepository [http-nio-8888-exec-1] Could not merge remote for master remote: null
2020-03-25 23:15:41,998 INFO org.springframework.cloud.config.server.environment.NativeEnvironmentRepository [http-nio-8888-exec-1] Adding property source: file:/D:/udemy/git-localconfig-repo/limits-service.properties
2020-03-25 23:17:27,696 WARN org.springframework.cloud.config.server.environment.JGitEnvironmentRepository [http-nio-8888-exec-10] Could not merge remote for master remote: null
2020-03-25 23:17:47,080 WARN org.springframework.cloud.config.server.environment.JGitEnvironmentRepository [http-nio-8888-exec-5] Could not merge remote for master remote: null
2020-03-25 23:22:34,557 WARN org.springframework.cloud.config.server.environment.JGitEnvironmentRepository [http-nio-8888-exec-8] Could not merge remote for master remote: null
2020-03-25 23:22:58,626 WARN org.springframework.cloud.config.server.environment.JGitEnvironmentRepository [http-nio-8888-exec-10] Could not merge remote for master remote: null
2020-03-25 23:23:13,954 WARN org.springframework.cloud.config.server.environment.JGitEnvironmentRepository [http-nio-8888-exec-2] Could not merge remote for master remote: null
2020-03-25 23:23:28,816 WARN org.springframework.cloud.config.server.environment.JGitEnvironmentRepository [http-nio-8888-exec-4] Could not merge remote for master remote: null
2020-03-25 23:29:03,804 INFO org.springframework.boot.SpringApplication [main] No active profile set, falling back to default profiles: default
2020-03-25 23:29:04,404 INFO org.springframework.cloud.context.scope.GenericScope [main] BeanFactory id=2714493b-3959-3135-9c7b-1d49bf497ffa
2020-03-25 23:29:04,598 INFO org.springframework.boot.web.embedded.tomcat.TomcatWebServer [main] Tomcat initialized with port(s): 8888 (http)
2020-03-25 23:29:04,602 INFO org.apache.juli.logging.DirectJDKLog [main] Initializing ProtocolHandler ["http-nio-8888"]
2020-03-25 23:29:04,602 INFO org.apache.juli.logging.DirectJDKLog [main] Starting service [Tomcat]
2020-03-25 23:29:04,602 INFO org.apache.juli.logging.DirectJDKLog [main] Starting Servlet engine: [Apache Tomcat/9.0.31]
2020-03-25 23:29:04,728 INFO org.apache.juli.logging.DirectJDKLog [main] Initializing Spring embedded WebApplicationContext
2020-03-25 23:29:04,728 INFO org.springframework.boot.web.servlet.context.ServletWebServerApplicationContext [main] Root WebApplicationContext: initialization completed in 913 ms
2020-03-25 23:29:05,274 INFO org.springframework.scheduling.concurrent.ExecutorConfigurationSupport [main] Initializing ExecutorService 'applicationTaskExecutor'
2020-03-25 23:29:05,635 INFO org.springframework.boot.actuate.endpoint.web.EndpointLinksResolver [main] Exposing 2 endpoint(s) beneath base path '/actuator'
2020-03-25 23:29:05,692 INFO org.apache.juli.logging.DirectJDKLog [main] Starting ProtocolHandler ["http-nio-8888"]
2020-03-25 23:29:05,713 INFO org.springframework.boot.web.embedded.tomcat.TomcatWebServer [main] Tomcat started on port(s): 8888 (http) with context path ''
2020-03-25 23:29:05,853 INFO org.springframework.boot.StartupInfoLogger [main] Started CloudConfigServerApplication in 3.137 seconds (JVM running for 3.777)
2020-03-25 23:29:06,483 INFO org.apache.juli.logging.DirectJDKLog [RMI TCP Connection(3)-192.168.1.4] Initializing Spring DispatcherServlet 'dispatcherServlet'
2020-03-25 23:29:06,484 INFO org.springframework.web.servlet.FrameworkServlet [RMI TCP Connection(3)-192.168.1.4] Initializing Servlet 'dispatcherServlet'
2020-03-25 23:29:06,490 INFO org.springframework.web.servlet.FrameworkServlet [RMI TCP Connection(3)-192.168.1.4] Completed initialization in 6 ms
2020-03-25 23:29:06,926 WARN org.springframework.cloud.config.server.environment.JGitEnvironmentRepository [RMI TCP Connection(2)-192.168.1.4] Could not merge remote for master remote: null
2020-03-25 23:30:41,729 WARN org.springframework.cloud.config.server.environment.JGitEnvironmentRepository [http-nio-8888-exec-1] Could not merge remote for master remote: null
2020-03-25 23:31:01,929 WARN org.springframework.cloud.config.server.environment.JGitEnvironmentRepository [http-nio-8888-exec-4] Could not merge remote for master remote: null
2020-03-25 23:31:02,352 INFO org.springframework.cloud.config.server.environment.NativeEnvironmentRepository [http-nio-8888-exec-4] Adding property source: file:/D:/udemy/git-localconfig-repo/limits-service-prod.properties
2020-03-25 23:31:44,084 WARN org.springframework.cloud.config.server.environment.JGitEnvironmentRepository [http-nio-8888-exec-7] Could not merge remote for master remote: null
2020-03-25 23:31:44,465 INFO org.springframework.cloud.config.server.environment.NativeEnvironmentRepository [http-nio-8888-exec-7] Adding property source: file:/D:/udemy/git-localconfig-repo/limits-service-dev.properties
2020-03-25 23:32:04,258 WARN org.springframework.cloud.config.server.environment.JGitEnvironmentRepository [http-nio-8888-exec-10] Could not merge remote for master remote: null
2020-03-25 23:32:04,629 INFO org.springframework.cloud.config.server.environment.NativeEnvironmentRepository [http-nio-8888-exec-10] Adding property source: file:/D:/udemy/git-localconfig-repo/limits-service.properties
2020-03-25 23:33:54,945 INFO org.springframework.boot.SpringApplication [main] No active profile set, falling back to default profiles: default
2020-03-25 23:33:55,614 INFO org.springframework.cloud.context.scope.GenericScope [main] BeanFactory id=2714493b-3959-3135-9c7b-1d49bf497ffa
2020-03-25 23:33:55,810 INFO org.springframework.boot.web.embedded.tomcat.TomcatWebServer [main] Tomcat initialized with port(s): 8888 (http)
2020-03-25 23:33:55,814 INFO org.apache.juli.logging.DirectJDKLog [main] Initializing ProtocolHandler ["http-nio-8888"]
2020-03-25 23:33:55,814 INFO org.apache.juli.logging.DirectJDKLog [main] Starting service [Tomcat]
2020-03-25 23:33:55,814 INFO org.apache.juli.logging.DirectJDKLog [main] Starting Servlet engine: [Apache Tomcat/9.0.31]
2020-03-25 23:33:55,918 INFO org.apache.juli.logging.DirectJDKLog [main] Initializing Spring embedded WebApplicationContext
2020-03-25 23:33:55,918 INFO org.springframework.boot.web.servlet.context.ServletWebServerApplicationContext [main] Root WebApplicationContext: initialization completed in 961 ms
2020-03-25 23:33:56,386 INFO org.springframework.scheduling.concurrent.ExecutorConfigurationSupport [main] Initializing ExecutorService 'applicationTaskExecutor'
2020-03-25 23:33:56,735 INFO org.springframework.boot.actuate.endpoint.web.EndpointLinksResolver [main] Exposing 2 endpoint(s) beneath base path '/actuator'
2020-03-25 23:33:56,796 INFO org.apache.juli.logging.DirectJDKLog [main] Starting ProtocolHandler ["http-nio-8888"]
2020-03-25 23:33:56,819 INFO org.springframework.boot.web.embedded.tomcat.TomcatWebServer [main] Tomcat started on port(s): 8888 (http) with context path ''
2020-03-25 23:33:56,954 INFO org.springframework.boot.StartupInfoLogger [main] Started CloudConfigServerApplication in 2.981 seconds (JVM running for 3.619)
2020-03-25 23:33:57,352 INFO org.apache.juli.logging.DirectJDKLog [RMI TCP Connection(2)-192.168.1.4] Initializing Spring DispatcherServlet 'dispatcherServlet'
2020-03-25 23:33:57,353 INFO org.springframework.web.servlet.FrameworkServlet [RMI TCP Connection(2)-192.168.1.4] Initializing Servlet 'dispatcherServlet'
2020-03-25 23:33:57,359 INFO org.springframework.web.servlet.FrameworkServlet [RMI TCP Connection(2)-192.168.1.4] Completed initialization in 5 ms
2020-03-25 23:33:57,697 WARN org.springframework.cloud.config.server.environment.JGitEnvironmentRepository [RMI TCP Connection(1)-192.168.1.4] Could not merge remote for master remote: null
2020-03-25 23:34:03,770 WARN org.springframework.cloud.config.server.environment.JGitEnvironmentRepository [http-nio-8888-exec-1] Could not merge remote for master remote: null
2020-03-25 23:34:04,189 INFO org.springframework.cloud.config.server.environment.NativeEnvironmentRepository [http-nio-8888-exec-1] Adding property source: file:/D:/udemy/git-localconfig-repo/limits-service.properties
2020-03-25 23:41:09,474 INFO org.springframework.boot.SpringApplication [main] No active profile set, falling back to default profiles: default
2020-03-25 23:41:10,086 INFO org.springframework.cloud.context.scope.GenericScope [main] BeanFactory id=2714493b-3959-3135-9c7b-1d49bf497ffa
2020-03-25 23:41:10,274 INFO org.springframework.boot.web.embedded.tomcat.TomcatWebServer [main] Tomcat initialized with port(s): 8888 (http)
2020-03-25 23:41:10,280 INFO org.apache.juli.logging.DirectJDKLog [main] Initializing ProtocolHandler ["http-nio-8888"]
2020-03-25 23:41:10,282 INFO org.apache.juli.logging.DirectJDKLog [main] Starting service [Tomcat]
2020-03-25 23:41:10,282 INFO org.apache.juli.logging.DirectJDKLog [main] Starting Servlet engine: [Apache Tomcat/9.0.31]
2020-03-25 23:41:10,371 INFO org.apache.juli.logging.DirectJDKLog [main] Initializing Spring embedded WebApplicationContext
2020-03-25 23:41:10,371 INFO org.springframework.boot.web.servlet.context.ServletWebServerApplicationContext [main] Root WebApplicationContext: initialization completed in 885 ms
2020-03-25 23:41:11,095 INFO org.springframework.scheduling.concurrent.ExecutorConfigurationSupport [main] Initializing ExecutorService 'applicationTaskExecutor'
2020-03-25 23:41:11,443 INFO org.springframework.boot.actuate.endpoint.web.EndpointLinksResolver [main] Exposing 2 endpoint(s) beneath base path '/actuator'
2020-03-25 23:41:11,494 INFO org.apache.juli.logging.DirectJDKLog [main] Starting ProtocolHandler ["http-nio-8888"]
2020-03-25 23:41:11,515 INFO org.springframework.boot.web.embedded.tomcat.TomcatWebServer [main] Tomcat started on port(s): 8888 (http) with context path ''
2020-03-25 23:41:11,656 INFO org.springframework.boot.StartupInfoLogger [main] Started CloudConfigServerApplication in 3.386 seconds (JVM running for 3.962)
2020-03-25 23:41:12,007 INFO org.apache.juli.logging.DirectJDKLog [RMI TCP Connection(2)-192.168.1.4] Initializing Spring DispatcherServlet 'dispatcherServlet'
2020-03-25 23:41:12,008 INFO org.springframework.web.servlet.FrameworkServlet [RMI TCP Connection(2)-192.168.1.4] Initializing Servlet 'dispatcherServlet'
2020-03-25 23:41:12,013 INFO org.springframework.web.servlet.FrameworkServlet [RMI TCP Connection(2)-192.168.1.4] Completed initialization in 5 ms
2020-03-25 23:42:21,885 INFO org.springframework.boot.SpringApplication [main] No active profile set, falling back to default profiles: default
2020-03-25 23:42:22,514 INFO org.springframework.cloud.context.scope.GenericScope [main] BeanFactory id=2714493b-3959-3135-9c7b-1d49bf497ffa
2020-03-25 23:42:22,692 INFO org.springframework.boot.web.embedded.tomcat.TomcatWebServer [main] Tomcat initialized with port(s): 8888 (http)
2020-03-25 23:42:22,699 INFO org.apache.juli.logging.DirectJDKLog [main] Initializing ProtocolHandler ["http-nio-8888"]
2020-03-25 23:42:22,700 INFO org.apache.juli.logging.DirectJDKLog [main] Starting service [Tomcat]
2020-03-25 23:42:22,700 INFO org.apache.juli.logging.DirectJDKLog [main] Starting Servlet engine: [Apache Tomcat/9.0.31]
2020-03-25 23:42:22,781 INFO org.apache.juli.logging.DirectJDKLog [main] Initializing Spring embedded WebApplicationContext
2020-03-25 23:42:22,781 INFO org.springframework.boot.web.servlet.context.ServletWebServerApplicationContext [main] Root WebApplicationContext: initialization completed in 887 ms
2020-03-25 23:42:23,252 INFO org.springframework.scheduling.concurrent.ExecutorConfigurationSupport [main] Initializing ExecutorService 'applicationTaskExecutor'
2020-03-25 23:42:23,597 INFO org.springframework.boot.actuate.endpoint.web.EndpointLinksResolver [main] Exposing 2 endpoint(s) beneath base path '/actuator'
2020-03-25 23:42:23,652 INFO org.apache.juli.logging.DirectJDKLog [main] Starting ProtocolHandler ["http-nio-8888"]
2020-03-25 23:42:23,674 INFO org.springframework.boot.web.embedded.tomcat.TomcatWebServer [main] Tomcat started on port(s): 8888 (http) with context path ''
2020-03-25 23:42:23,808 INFO org.springframework.boot.StartupInfoLogger [main] Started CloudConfigServerApplication in 2.901 seconds (JVM running for 3.5)
2020-03-25 23:42:24,150 INFO org.apache.juli.logging.DirectJDKLog [RMI TCP Connection(4)-192.168.1.4] Initializing Spring DispatcherServlet 'dispatcherServlet'
2020-03-25 23:42:24,151 INFO org.springframework.web.servlet.FrameworkServlet [RMI TCP Connection(4)-192.168.1.4] Initializing Servlet 'dispatcherServlet'
2020-03-25 23:42:24,157 INFO org.springframework.web.servlet.FrameworkServlet [RMI TCP Connection(4)-192.168.1.4] Completed initialization in 6 ms
2020-03-25 23:42:24,569 WARN org.springframework.cloud.config.server.environment.JGitEnvironmentRepository [RMI TCP Connection(3)-192.168.1.4] Could not merge remote for master remote: null
2020-03-25 23:42:28,130 WARN org.springframework.cloud.config.server.environment.JGitEnvironmentRepository [http-nio-8888-exec-1] Could not merge remote for master remote: null
2020-03-25 23:42:28,527 INFO org.springframework.cloud.config.server.environment.NativeEnvironmentRepository [http-nio-8888-exec-1] Adding property source: file:/D:/udemy/git-localconfig-repo/limits-service.properties
2020-03-25 23:43:07,718 WARN org.springframework.cloud.config.server.environment.JGitEnvironmentRepository [http-nio-8888-exec-3] Could not merge remote for master remote: null
2020-03-25 23:43:08,033 INFO org.springframework.cloud.config.server.environment.NativeEnvironmentRepository [http-nio-8888-exec-3] Adding property source: file:/D:/udemy/git-localconfig-repo/limits-service.properties
2020-03-25 23:43:45,869 WARN org.springframework.cloud.config.server.environment.JGitEnvironmentRepository [http-nio-8888-exec-10] Could not merge remote for master remote: null
2020-03-25 23:43:46,069 INFO org.springframework.cloud.config.server.environment.NativeEnvironmentRepository [http-nio-8888-exec-10] Adding property source: file:/D:/udemy/git-localconfig-repo/limits-service.properties
2020-03-25 23:53:38,652 WARN org.springframework.cloud.config.server.environment.JGitEnvironmentRepository [http-nio-8888-exec-8] Could not merge remote for master remote: null
2020-03-25 23:53:38,849 INFO org.springframework.cloud.config.server.environment.NativeEnvironmentRepository [http-nio-8888-exec-8] Adding property source: file:/D:/udemy/git-localconfig-repo/limits-service.properties
2020-03-25 23:56:07,800 INFO org.springframework.boot.SpringApplication [main] No active profile set, falling back to default profiles: default
2020-03-25 23:56:08,414 INFO org.springframework.cloud.context.scope.GenericScope [main] BeanFactory id=2714493b-3959-3135-9c7b-1d49bf497ffa
2020-03-25 23:56:08,596 INFO org.springframework.boot.web.embedded.tomcat.TomcatWebServer [main] Tomcat initialized with port(s): 8888 (http)
2020-03-25 23:56:08,600 INFO org.apache.juli.logging.DirectJDKLog [main] Initializing ProtocolHandler ["http-nio-8888"]
2020-03-25 23:56:08,600 INFO org.apache.juli.logging.DirectJDKLog [main] Starting service [Tomcat]
2020-03-25 23:56:08,600 INFO org.apache.juli.logging.DirectJDKLog [main] Starting Servlet engine: [Apache Tomcat/9.0.31]
2020-03-25 23:56:08,784 INFO org.apache.juli.logging.DirectJDKLog [main] Initializing Spring embedded WebApplicationContext
2020-03-25 23:56:08,784 INFO org.springframework.boot.web.servlet.context.ServletWebServerApplicationContext [main] Root WebApplicationContext: initialization completed in 968 ms
2020-03-25 23:56:09,277 INFO org.springframework.scheduling.concurrent.ExecutorConfigurationSupport [main] Initializing ExecutorService 'applicationTaskExecutor'
2020-03-25 23:56:09,629 INFO org.springframework.boot.actuate.endpoint.web.EndpointLinksResolver [main] Exposing 2 endpoint(s) beneath base path '/actuator'
2020-03-25 23:56:09,685 INFO org.apache.juli.logging.DirectJDKLog [main] Starting ProtocolHandler ["http-nio-8888"]
2020-03-25 23:56:09,707 INFO org.springframework.boot.web.embedded.tomcat.TomcatWebServer [main] Tomcat started on port(s): 8888 (http) with context path ''
2020-03-25 23:56:09,844 INFO org.springframework.boot.StartupInfoLogger [main] Started CloudConfigServerApplication in 3.049 seconds (JVM running for 3.957)
2020-03-25 23:56:10,005 INFO org.apache.juli.logging.DirectJDKLog [RMI TCP Connection(2)-192.168.1.4] Initializing Spring DispatcherServlet 'dispatcherServlet'
2020-03-25 23:56:10,007 INFO org.springframework.web.servlet.FrameworkServlet [RMI TCP Connection(2)-192.168.1.4] Initializing Servlet 'dispatcherServlet'
2020-03-25 23:56:10,012 INFO org.springframework.web.servlet.FrameworkServlet [RMI TCP Connection(2)-192.168.1.4] Completed initialization in 5 ms
2020-03-25 23:56:10,360 WARN org.springframework.cloud.config.server.environment.JGitEnvironmentRepository [RMI TCP Connection(1)-192.168.1.4] Could not merge remote for master remote: null
2020-03-25 23:57:12,479 WARN org.springframework.cloud.config.server.environment.JGitEnvironmentRepository [http-nio-8888-exec-1] Could not merge remote for master remote: null
2020-03-25 23:57:12,851 INFO org.springframework.cloud.config.server.environment.NativeEnvironmentRepository [http-nio-8888-exec-1] Adding property source: file:/D:/udemy/git-localconfig-repo/limits-service.properties
