2020-03-28 00:13:21,671 INFO org.springframework.boot.SpringApplication [main] The following profiles are active: qa
2020-03-28 00:13:22,542 INFO org.springframework.cloud.context.scope.GenericScope [main] BeanFactory id=2714493b-3959-3135-9c7b-1d49bf497ffa
2020-03-28 00:13:22,779 INFO org.springframework.boot.web.embedded.tomcat.TomcatWebServer [main] Tomcat initialized with port(s): 8888 (http)
2020-03-28 00:13:22,794 INFO org.apache.juli.logging.DirectJDKLog [main] Initializing ProtocolHandler ["http-nio-8888"]
2020-03-28 00:13:22,794 INFO org.apache.juli.logging.DirectJDKLog [main] Starting service [Tomcat]
2020-03-28 00:13:22,794 INFO org.apache.juli.logging.DirectJDKLog [main] Starting Servlet engine: [Apache Tomcat/9.0.31]
2020-03-28 00:13:22,886 INFO org.apache.juli.logging.DirectJDKLog [main] Initializing Spring embedded WebApplicationContext
2020-03-28 00:13:22,902 INFO org.springframework.boot.web.servlet.context.ServletWebServerApplicationContext [main] Root WebApplicationContext: initialization completed in 1200 ms
2020-03-28 00:13:23,458 INFO org.springframework.scheduling.concurrent.ExecutorConfigurationSupport [main] Initializing ExecutorService 'applicationTaskExecutor'
2020-03-28 00:13:23,834 INFO org.springframework.boot.actuate.endpoint.web.EndpointLinksResolver [main] Exposing 2 endpoint(s) beneath base path '/actuator'
2020-03-28 00:13:23,881 INFO org.apache.juli.logging.DirectJDKLog [main] Starting ProtocolHandler ["http-nio-8888"]
2020-03-28 00:13:23,912 INFO org.springframework.boot.web.embedded.tomcat.TomcatWebServer [main] Tomcat started on port(s): 8888 (http) with context path ''
2020-03-28 00:13:24,053 INFO org.springframework.boot.StartupInfoLogger [main] Started CloudConfigServerApplication in 3.7 seconds (JVM running for 5.316)
2020-03-28 00:13:24,464 INFO org.apache.juli.logging.DirectJDKLog [RMI TCP Connection(2)-192.168.1.4] Initializing Spring DispatcherServlet 'dispatcherServlet'
2020-03-28 00:13:24,466 INFO org.springframework.web.servlet.FrameworkServlet [RMI TCP Connection(2)-192.168.1.4] Initializing Servlet 'dispatcherServlet'
2020-03-28 00:13:24,475 INFO org.springframework.web.servlet.FrameworkServlet [RMI TCP Connection(2)-192.168.1.4] Completed initialization in 8 ms
2020-03-28 00:13:25,043 WARN org.springframework.cloud.config.server.environment.JGitEnvironmentRepository [RMI TCP Connection(1)-192.168.1.4] Could not merge remote for master remote: null
2020-03-28 00:14:53,306 WARN org.springframework.cloud.config.server.environment.JGitEnvironmentRepository [http-nio-8888-exec-1] Could not merge remote for master remote: null
2020-03-28 00:14:53,514 INFO org.springframework.cloud.config.server.environment.NativeEnvironmentRepository [http-nio-8888-exec-1] Adding property source: file:/D:/udemy/git-localconfig-repo/limits-service-dev.properties
2020-03-28 00:42:37,931 INFO org.springframework.boot.SpringApplication [main] The following profiles are active: qa
2020-03-28 00:42:38,751 INFO org.springframework.cloud.context.scope.GenericScope [main] BeanFactory id=2714493b-3959-3135-9c7b-1d49bf497ffa
2020-03-28 00:42:38,971 INFO org.springframework.boot.web.embedded.tomcat.TomcatWebServer [main] Tomcat initialized with port(s): 8888 (http)
2020-03-28 00:42:38,987 INFO org.apache.juli.logging.DirectJDKLog [main] Initializing ProtocolHandler ["http-nio-8888"]
2020-03-28 00:42:38,987 INFO org.apache.juli.logging.DirectJDKLog [main] Starting service [Tomcat]
2020-03-28 00:42:38,987 INFO org.apache.juli.logging.DirectJDKLog [main] Starting Servlet engine: [Apache Tomcat/9.0.31]
2020-03-28 00:42:39,081 INFO org.apache.juli.logging.DirectJDKLog [main] Initializing Spring embedded WebApplicationContext
2020-03-28 00:42:39,081 INFO org.springframework.boot.web.servlet.context.ServletWebServerApplicationContext [main] Root WebApplicationContext: initialization completed in 1135 ms
2020-03-28 00:42:39,492 INFO org.springframework.scheduling.concurrent.ExecutorConfigurationSupport [main] Initializing ExecutorService 'applicationTaskExecutor'
2020-03-28 00:42:39,837 INFO org.springframework.boot.actuate.endpoint.web.EndpointLinksResolver [main] Exposing 2 endpoint(s) beneath base path '/actuator'
2020-03-28 00:42:39,889 INFO org.apache.juli.logging.DirectJDKLog [main] Starting ProtocolHandler ["http-nio-8888"]
2020-03-28 00:42:39,913 INFO org.springframework.boot.web.embedded.tomcat.TomcatWebServer [main] Tomcat started on port(s): 8888 (http) with context path ''
2020-03-28 00:42:40,038 INFO org.springframework.boot.StartupInfoLogger [main] Started CloudConfigServerApplication in 3.23 seconds (JVM running for 4.017)
2020-03-28 00:42:40,240 INFO org.apache.juli.logging.DirectJDKLog [RMI TCP Connection(3)-192.168.1.4] Initializing Spring DispatcherServlet 'dispatcherServlet'
2020-03-28 00:42:40,240 INFO org.springframework.web.servlet.FrameworkServlet [RMI TCP Connection(3)-192.168.1.4] Initializing Servlet 'dispatcherServlet'
2020-03-28 00:42:40,240 INFO org.springframework.web.servlet.FrameworkServlet [RMI TCP Connection(3)-192.168.1.4] Completed initialization in 0 ms
2020-03-28 00:42:40,659 WARN org.springframework.cloud.config.server.environment.JGitEnvironmentRepository [RMI TCP Connection(2)-192.168.1.4] Could not merge remote for master remote: null
2020-03-28 00:42:58,622 WARN org.springframework.cloud.config.server.environment.JGitEnvironmentRepository [http-nio-8888-exec-1] Could not merge remote for master remote: null
2020-03-28 00:42:58,795 INFO org.springframework.cloud.config.server.environment.NativeEnvironmentRepository [http-nio-8888-exec-1] Adding property source: file:/D:/udemy/git-localconfig-repo/limits-service-dev.properties
2020-03-28 01:18:43,941 WARN org.springframework.cloud.config.server.environment.JGitEnvironmentRepository [http-nio-8888-exec-2] Could not merge remote for master remote: null
2020-03-28 01:18:44,222 INFO org.springframework.cloud.config.server.environment.NativeEnvironmentRepository [http-nio-8888-exec-2] Adding property source: file:/D:/udemy/git-localconfig-repo/limits-service-dev.properties
2020-03-28 01:21:10,408 WARN org.springframework.cloud.config.server.environment.JGitEnvironmentRepository [http-nio-8888-exec-7] Could not merge remote for master remote: null
2020-03-28 01:21:10,564 INFO org.springframework.cloud.config.server.environment.NativeEnvironmentRepository [http-nio-8888-exec-7] Adding property source: file:/D:/udemy/git-localconfig-repo/limits-service-dev.properties
2020-03-28 01:24:44,915 WARN org.springframework.cloud.config.server.environment.JGitEnvironmentRepository [http-nio-8888-exec-9] Could not merge remote for master remote: null
2020-03-28 01:24:45,086 INFO org.springframework.cloud.config.server.environment.NativeEnvironmentRepository [http-nio-8888-exec-9] Adding property source: file:/D:/udemy/git-localconfig-repo/limits-service-dev.properties
2020-03-28 01:25:33,121 WARN org.springframework.cloud.config.server.environment.JGitEnvironmentRepository [http-nio-8888-exec-5] Could not merge remote for master remote: null
2020-03-28 01:25:33,293 INFO org.springframework.cloud.config.server.environment.NativeEnvironmentRepository [http-nio-8888-exec-5] Adding property source: file:/D:/udemy/git-localconfig-repo/limits-service-dev.properties
2020-03-28 01:26:20,710 WARN org.springframework.cloud.config.server.environment.JGitEnvironmentRepository [http-nio-8888-exec-1] Could not merge remote for master remote: null
2020-03-28 01:26:20,866 INFO org.springframework.cloud.config.server.environment.NativeEnvironmentRepository [http-nio-8888-exec-1] Adding property source: file:/D:/udemy/git-localconfig-repo/limits-service-dev.properties
2020-03-28 01:38:20,855 WARN org.springframework.cloud.config.server.environment.JGitEnvironmentRepository [http-nio-8888-exec-2] Could not merge remote for master remote: null
2020-03-28 01:38:21,012 INFO org.springframework.cloud.config.server.environment.NativeEnvironmentRepository [http-nio-8888-exec-2] Adding property source: file:/D:/udemy/git-localconfig-repo/limits-service-dev.properties
2020-03-28 01:42:00,417 WARN org.springframework.cloud.config.server.environment.JGitEnvironmentRepository [http-nio-8888-exec-7] Could not merge remote for master remote: null
2020-03-28 01:42:00,581 INFO org.springframework.cloud.config.server.environment.NativeEnvironmentRepository [http-nio-8888-exec-7] Adding property source: file:/D:/udemy/git-localconfig-repo/limits-service-dev.properties
