2020-03-24 20:48:47,074 INFO org.springframework.boot.SpringApplication [main] No active profile set, falling back to default profiles: default
2020-03-24 20:48:47,934 INFO org.springframework.cloud.context.scope.GenericScope [main] BeanFactory id=5a25eaa3-340c-3a8b-b185-a4ecc6ac6f6a
2020-03-24 20:48:48,452 INFO org.springframework.boot.web.embedded.tomcat.TomcatWebServer [main] Tomcat initialized with port(s): 8888 (http)
2020-03-24 20:48:48,461 INFO org.apache.juli.logging.DirectJDKLog [main] Initializing ProtocolHandler ["http-nio-8888"]
2020-03-24 20:48:48,462 INFO org.apache.juli.logging.DirectJDKLog [main] Starting service [Tomcat]
2020-03-24 20:48:48,462 INFO org.apache.juli.logging.DirectJDKLog [main] Starting Servlet engine: [Apache Tomcat/9.0.31]
2020-03-24 20:48:48,706 INFO org.apache.juli.logging.DirectJDKLog [main] Initializing Spring embedded WebApplicationContext
2020-03-24 20:48:48,706 INFO org.springframework.boot.web.servlet.context.ServletWebServerApplicationContext [main] Root WebApplicationContext: initialization completed in 1617 ms
2020-03-24 20:48:49,037 INFO org.springframework.scheduling.concurrent.ExecutorConfigurationSupport [main] Initializing ExecutorService 'applicationTaskExecutor'
2020-03-24 20:48:49,574 INFO org.springframework.boot.actuate.endpoint.web.EndpointLinksResolver [main] Exposing 2 endpoint(s) beneath base path '/actuator'
2020-03-24 20:48:49,612 INFO org.apache.juli.logging.DirectJDKLog [main] Starting ProtocolHandler ["http-nio-8888"]
2020-03-24 20:48:49,638 INFO org.springframework.boot.web.embedded.tomcat.TomcatWebServer [main] Tomcat started on port(s): 8888 (http) with context path ''
2020-03-24 20:48:49,900 INFO org.springframework.boot.StartupInfoLogger [main] Started CloudConfigServerApplication in 4.397 seconds (JVM running for 5.041)
2020-03-24 20:51:20,758 INFO org.springframework.boot.SpringApplication [main] No active profile set, falling back to default profiles: default
2020-03-24 20:51:21,565 INFO org.springframework.cloud.context.scope.GenericScope [main] BeanFactory id=5a25eaa3-340c-3a8b-b185-a4ecc6ac6f6a
2020-03-24 20:51:22,036 INFO org.springframework.boot.web.embedded.tomcat.TomcatWebServer [main] Tomcat initialized with port(s): 8090 (http)
2020-03-24 20:51:22,046 INFO org.apache.juli.logging.DirectJDKLog [main] Initializing ProtocolHandler ["http-nio-8090"]
2020-03-24 20:51:22,047 INFO org.apache.juli.logging.DirectJDKLog [main] Starting service [Tomcat]
2020-03-24 20:51:22,048 INFO org.apache.juli.logging.DirectJDKLog [main] Starting Servlet engine: [Apache Tomcat/9.0.31]
2020-03-24 20:51:22,210 INFO org.apache.juli.logging.DirectJDKLog [main] Initializing Spring embedded WebApplicationContext
2020-03-24 20:51:22,210 INFO org.springframework.boot.web.servlet.context.ServletWebServerApplicationContext [main] Root WebApplicationContext: initialization completed in 1437 ms
2020-03-24 20:51:22,556 INFO org.springframework.scheduling.concurrent.ExecutorConfigurationSupport [main] Initializing ExecutorService 'applicationTaskExecutor'
2020-03-24 20:51:23,064 INFO org.springframework.boot.actuate.endpoint.web.EndpointLinksResolver [main] Exposing 2 endpoint(s) beneath base path '/actuator'
2020-03-24 20:51:23,098 INFO org.apache.juli.logging.DirectJDKLog [main] Starting ProtocolHandler ["http-nio-8090"]
2020-03-24 20:51:23,131 INFO org.springframework.boot.web.embedded.tomcat.TomcatWebServer [main] Tomcat started on port(s): 8090 (http) with context path ''
2020-03-24 20:51:23,426 INFO org.springframework.boot.StartupInfoLogger [main] Started CloudConfigServerApplication in 4.204 seconds (JVM running for 4.798)
2020-03-24 20:54:45,692 INFO org.springframework.boot.SpringApplication [main] No active profile set, falling back to default profiles: default
2020-03-24 20:54:46,538 INFO org.springframework.cloud.context.scope.GenericScope [main] BeanFactory id=5a25eaa3-340c-3a8b-b185-a4ecc6ac6f6a
2020-03-24 20:54:47,029 INFO org.springframework.boot.web.embedded.tomcat.TomcatWebServer [main] Tomcat initialized with port(s): 8088 (http)
2020-03-24 20:54:47,039 INFO org.apache.juli.logging.DirectJDKLog [main] Initializing ProtocolHandler ["http-nio-8088"]
2020-03-24 20:54:47,040 INFO org.apache.juli.logging.DirectJDKLog [main] Starting service [Tomcat]
2020-03-24 20:54:47,040 INFO org.apache.juli.logging.DirectJDKLog [main] Starting Servlet engine: [Apache Tomcat/9.0.31]
2020-03-24 20:54:47,220 INFO org.apache.juli.logging.DirectJDKLog [main] Initializing Spring embedded WebApplicationContext
2020-03-24 20:54:47,221 INFO org.springframework.boot.web.servlet.context.ServletWebServerApplicationContext [main] Root WebApplicationContext: initialization completed in 1513 ms
2020-03-24 20:54:47,524 INFO org.springframework.scheduling.concurrent.ExecutorConfigurationSupport [main] Initializing ExecutorService 'applicationTaskExecutor'
2020-03-24 20:54:47,998 INFO org.springframework.boot.actuate.endpoint.web.EndpointLinksResolver [main] Exposing 2 endpoint(s) beneath base path '/actuator'
2020-03-24 20:54:48,030 INFO org.apache.juli.logging.DirectJDKLog [main] Starting ProtocolHandler ["http-nio-8088"]
2020-03-24 20:54:48,054 INFO org.springframework.boot.web.embedded.tomcat.TomcatWebServer [main] Tomcat started on port(s): 8088 (http) with context path ''
2020-03-24 20:54:48,307 INFO org.springframework.boot.StartupInfoLogger [main] Started CloudConfigServerApplication in 4.202 seconds (JVM running for 4.709)
2020-03-24 20:55:34,566 INFO org.springframework.boot.SpringApplication [main] The following profiles are active: qa
2020-03-24 20:55:35,391 INFO org.springframework.cloud.context.scope.GenericScope [main] BeanFactory id=5a25eaa3-340c-3a8b-b185-a4ecc6ac6f6a
2020-03-24 20:55:35,988 INFO org.springframework.boot.web.embedded.tomcat.TomcatWebServer [main] Tomcat initialized with port(s): 8088 (http)
2020-03-24 20:55:35,999 INFO org.apache.juli.logging.DirectJDKLog [main] Initializing ProtocolHandler ["http-nio-8088"]
2020-03-24 20:55:35,999 INFO org.apache.juli.logging.DirectJDKLog [main] Starting service [Tomcat]
2020-03-24 20:55:36,000 INFO org.apache.juli.logging.DirectJDKLog [main] Starting Servlet engine: [Apache Tomcat/9.0.31]
2020-03-24 20:55:36,153 INFO org.apache.juli.logging.DirectJDKLog [main] Initializing Spring embedded WebApplicationContext
2020-03-24 20:55:36,153 INFO org.springframework.boot.web.servlet.context.ServletWebServerApplicationContext [main] Root WebApplicationContext: initialization completed in 1569 ms
2020-03-24 20:55:36,482 INFO org.springframework.scheduling.concurrent.ExecutorConfigurationSupport [main] Initializing ExecutorService 'applicationTaskExecutor'
2020-03-24 20:55:36,961 INFO org.springframework.boot.actuate.endpoint.web.EndpointLinksResolver [main] Exposing 2 endpoint(s) beneath base path '/actuator'
2020-03-24 20:55:37,001 INFO org.apache.juli.logging.DirectJDKLog [main] Starting ProtocolHandler ["http-nio-8088"]
2020-03-24 20:55:37,028 INFO org.springframework.boot.web.embedded.tomcat.TomcatWebServer [main] Tomcat started on port(s): 8088 (http) with context path ''
2020-03-24 20:55:37,286 INFO org.springframework.boot.StartupInfoLogger [main] Started CloudConfigServerApplication in 4.265 seconds (JVM running for 4.774)
2020-03-24 20:56:08,567 INFO org.springframework.boot.SpringApplication [main] The following profiles are active: qa
2020-03-24 20:56:09,351 INFO org.springframework.cloud.context.scope.GenericScope [main] BeanFactory id=5a25eaa3-340c-3a8b-b185-a4ecc6ac6f6a
2020-03-24 20:56:09,940 INFO org.springframework.boot.web.embedded.tomcat.TomcatWebServer [main] Tomcat initialized with port(s): 8888 (http)
2020-03-24 20:56:09,950 INFO org.apache.juli.logging.DirectJDKLog [main] Initializing ProtocolHandler ["http-nio-8888"]
2020-03-24 20:56:09,951 INFO org.apache.juli.logging.DirectJDKLog [main] Starting service [Tomcat]
2020-03-24 20:56:09,951 INFO org.apache.juli.logging.DirectJDKLog [main] Starting Servlet engine: [Apache Tomcat/9.0.31]
2020-03-24 20:56:10,271 INFO org.apache.juli.logging.DirectJDKLog [main] Initializing Spring embedded WebApplicationContext
2020-03-24 20:56:10,272 INFO org.springframework.boot.web.servlet.context.ServletWebServerApplicationContext [main] Root WebApplicationContext: initialization completed in 1688 ms
2020-03-24 20:56:10,578 INFO org.springframework.scheduling.concurrent.ExecutorConfigurationSupport [main] Initializing ExecutorService 'applicationTaskExecutor'
2020-03-24 20:56:11,075 INFO org.springframework.boot.actuate.endpoint.web.EndpointLinksResolver [main] Exposing 2 endpoint(s) beneath base path '/actuator'
2020-03-24 20:56:11,105 INFO org.apache.juli.logging.DirectJDKLog [main] Starting ProtocolHandler ["http-nio-8888"]
2020-03-24 20:56:11,131 INFO org.springframework.boot.web.embedded.tomcat.TomcatWebServer [main] Tomcat started on port(s): 8888 (http) with context path ''
2020-03-24 20:56:11,388 INFO org.springframework.boot.StartupInfoLogger [main] Started CloudConfigServerApplication in 4.325 seconds (JVM running for 4.87)
2020-03-24 20:56:22,864 INFO org.apache.juli.logging.DirectJDKLog [http-nio-8888-exec-1] Initializing Spring DispatcherServlet 'dispatcherServlet'
2020-03-24 20:56:22,864 INFO org.springframework.web.servlet.FrameworkServlet [http-nio-8888-exec-1] Initializing Servlet 'dispatcherServlet'
2020-03-24 20:56:22,869 INFO org.springframework.web.servlet.FrameworkServlet [http-nio-8888-exec-1] Completed initialization in 5 ms
2020-03-24 21:00:22,574 INFO org.springframework.boot.SpringApplication [main] The following profiles are active: qa
2020-03-24 21:00:23,495 INFO org.springframework.cloud.context.scope.GenericScope [main] BeanFactory id=7078d510-2b51-3138-96d7-ff8b06a4a54d
2020-03-24 21:00:24,106 INFO org.springframework.boot.web.embedded.tomcat.TomcatWebServer [main] Tomcat initialized with port(s): 8888 (http)
2020-03-24 21:00:24,117 INFO org.apache.juli.logging.DirectJDKLog [main] Initializing ProtocolHandler ["http-nio-8888"]
2020-03-24 21:00:24,118 INFO org.apache.juli.logging.DirectJDKLog [main] Starting service [Tomcat]
2020-03-24 21:00:24,118 INFO org.apache.juli.logging.DirectJDKLog [main] Starting Servlet engine: [Apache Tomcat/9.0.31]
2020-03-24 21:00:24,317 INFO org.apache.juli.logging.DirectJDKLog [main] Initializing Spring embedded WebApplicationContext
2020-03-24 21:00:24,318 INFO org.springframework.boot.web.servlet.context.ServletWebServerApplicationContext [main] Root WebApplicationContext: initialization completed in 1682 ms
2020-03-24 21:00:25,310 INFO org.springframework.scheduling.concurrent.ExecutorConfigurationSupport [main] Initializing ExecutorService 'applicationTaskExecutor'
2020-03-24 21:00:26,165 INFO org.springframework.boot.actuate.endpoint.web.EndpointLinksResolver [main] Exposing 2 endpoint(s) beneath base path '/actuator'
2020-03-24 21:00:26,201 INFO org.apache.juli.logging.DirectJDKLog [main] Starting ProtocolHandler ["http-nio-8888"]
2020-03-24 21:00:26,231 INFO org.springframework.boot.web.embedded.tomcat.TomcatWebServer [main] Tomcat started on port(s): 8888 (http) with context path ''
2020-03-24 21:00:26,511 INFO org.springframework.boot.StartupInfoLogger [main] Started CloudConfigServerApplication in 5.433 seconds (JVM running for 5.938)
2020-03-24 21:00:37,940 INFO org.springframework.boot.SpringApplication [main] The following profiles are active: qa
2020-03-24 21:00:38,797 INFO org.springframework.cloud.context.scope.GenericScope [main] BeanFactory id=7078d510-2b51-3138-96d7-ff8b06a4a54d
2020-03-24 21:00:39,352 INFO org.springframework.boot.web.embedded.tomcat.TomcatWebServer [main] Tomcat initialized with port(s): 8888 (http)
2020-03-24 21:00:39,361 INFO org.apache.juli.logging.DirectJDKLog [main] Initializing ProtocolHandler ["http-nio-8888"]
2020-03-24 21:00:39,362 INFO org.apache.juli.logging.DirectJDKLog [main] Starting service [Tomcat]
2020-03-24 21:00:39,362 INFO org.apache.juli.logging.DirectJDKLog [main] Starting Servlet engine: [Apache Tomcat/9.0.31]
2020-03-24 21:00:39,568 INFO org.apache.juli.logging.DirectJDKLog [main] Initializing Spring embedded WebApplicationContext
2020-03-24 21:00:39,568 INFO org.springframework.boot.web.servlet.context.ServletWebServerApplicationContext [main] Root WebApplicationContext: initialization completed in 1614 ms
2020-03-24 21:00:40,545 INFO org.springframework.scheduling.concurrent.ExecutorConfigurationSupport [main] Initializing ExecutorService 'applicationTaskExecutor'
2020-03-24 21:00:41,140 INFO org.springframework.boot.actuate.endpoint.web.EndpointLinksResolver [main] Exposing 2 endpoint(s) beneath base path '/actuator'
2020-03-24 21:00:41,173 INFO org.apache.juli.logging.DirectJDKLog [main] Starting ProtocolHandler ["http-nio-8888"]
2020-03-24 21:00:41,201 INFO org.springframework.boot.web.embedded.tomcat.TomcatWebServer [main] Tomcat started on port(s): 8888 (http) with context path ''
2020-03-24 21:00:41,461 INFO org.springframework.boot.StartupInfoLogger [main] Started CloudConfigServerApplication in 5.209 seconds (JVM running for 5.708)
2020-03-24 21:00:54,499 INFO org.apache.juli.logging.DirectJDKLog [http-nio-8888-exec-1] Initializing Spring DispatcherServlet 'dispatcherServlet'
2020-03-24 21:00:54,499 INFO org.springframework.web.servlet.FrameworkServlet [http-nio-8888-exec-1] Initializing Servlet 'dispatcherServlet'
2020-03-24 21:00:54,505 INFO org.springframework.web.servlet.FrameworkServlet [http-nio-8888-exec-1] Completed initialization in 6 ms
2020-03-24 21:50:44,127 INFO org.springframework.boot.SpringApplication [main] The following profiles are active: qa
2020-03-24 21:50:45,031 INFO org.springframework.cloud.context.scope.GenericScope [main] BeanFactory id=7078d510-2b51-3138-96d7-ff8b06a4a54d
2020-03-24 21:50:45,603 INFO org.springframework.boot.web.embedded.tomcat.TomcatWebServer [main] Tomcat initialized with port(s): 8888 (http)
2020-03-24 21:50:45,626 INFO org.apache.juli.logging.DirectJDKLog [main] Initializing ProtocolHandler ["http-nio-8888"]
2020-03-24 21:50:45,626 INFO org.apache.juli.logging.DirectJDKLog [main] Starting service [Tomcat]
2020-03-24 21:50:45,627 INFO org.apache.juli.logging.DirectJDKLog [main] Starting Servlet engine: [Apache Tomcat/9.0.31]
2020-03-24 21:50:45,859 INFO org.apache.juli.logging.DirectJDKLog [main] Initializing Spring embedded WebApplicationContext
2020-03-24 21:50:45,859 INFO org.springframework.boot.web.servlet.context.ServletWebServerApplicationContext [main] Root WebApplicationContext: initialization completed in 1716 ms
2020-03-24 21:50:46,920 INFO org.springframework.scheduling.concurrent.ExecutorConfigurationSupport [main] Initializing ExecutorService 'applicationTaskExecutor'
2020-03-24 21:50:47,547 INFO org.springframework.boot.actuate.endpoint.web.EndpointLinksResolver [main] Exposing 2 endpoint(s) beneath base path '/actuator'
2020-03-24 21:50:47,591 INFO org.apache.juli.logging.DirectJDKLog [main] Starting ProtocolHandler ["http-nio-8888"]
2020-03-24 21:50:47,617 INFO org.springframework.boot.web.embedded.tomcat.TomcatWebServer [main] Tomcat started on port(s): 8888 (http) with context path ''
2020-03-24 21:50:47,881 INFO org.springframework.boot.StartupInfoLogger [main] Started CloudConfigServerApplication in 5.442 seconds (JVM running for 6.107)
2020-03-24 21:51:12,040 INFO org.apache.juli.logging.DirectJDKLog [http-nio-8888-exec-1] Initializing Spring DispatcherServlet 'dispatcherServlet'
2020-03-24 21:51:12,040 INFO org.springframework.web.servlet.FrameworkServlet [http-nio-8888-exec-1] Initializing Servlet 'dispatcherServlet'
2020-03-24 21:51:12,048 INFO org.springframework.web.servlet.FrameworkServlet [http-nio-8888-exec-1] Completed initialization in 7 ms
2020-03-24 21:52:43,656 INFO org.springframework.boot.SpringApplication [main] No active profile set, falling back to default profiles: default
2020-03-24 21:52:44,530 INFO org.springframework.cloud.context.scope.GenericScope [main] BeanFactory id=7078d510-2b51-3138-96d7-ff8b06a4a54d
2020-03-24 21:52:45,086 INFO org.springframework.boot.web.embedded.tomcat.TomcatWebServer [main] Tomcat initialized with port(s): 8080 (http)
2020-03-24 21:52:45,095 INFO org.apache.juli.logging.DirectJDKLog [main] Initializing ProtocolHandler ["http-nio-8080"]
2020-03-24 21:52:45,096 INFO org.apache.juli.logging.DirectJDKLog [main] Starting service [Tomcat]
2020-03-24 21:52:45,096 INFO org.apache.juli.logging.DirectJDKLog [main] Starting Servlet engine: [Apache Tomcat/9.0.31]
2020-03-24 21:52:45,355 INFO org.apache.juli.logging.DirectJDKLog [main] Initializing Spring embedded WebApplicationContext
2020-03-24 21:52:45,356 INFO org.springframework.boot.web.servlet.context.ServletWebServerApplicationContext [main] Root WebApplicationContext: initialization completed in 1681 ms
2020-03-24 21:52:45,836 ERROR org.springframework.boot.web.embedded.tomcat.TomcatStarter [main] Error starting Tomcat context. Exception: org.springframework.beans.factory.BeanCreationException. Message: Error creating bean with name 'servletEndpointRegistrar' defined in class path resource [org/springframework/boot/actuate/autoconfigure/endpoint/web/ServletEndpointManagementContextConfiguration$WebMvcServletEndpointManagementContextConfiguration.class]: Bean instantiation via factory method failed; nested exception is org.springframework.beans.BeanInstantiationException: Failed to instantiate [org.springframework.boot.actuate.endpoint.web.ServletEndpointRegistrar]: Factory method 'servletEndpointRegistrar' threw exception; nested exception is org.springframework.beans.factory.UnsatisfiedDependencyException: Error creating bean with name 'healthEndpoint' defined in class path resource [org/springframework/boot/actuate/autoconfigure/health/HealthEndpointConfiguration.class]: Unsatisfied dependency expressed through method 'healthEndpoint' parameter 0; nested exception is org.springframework.beans.factory.BeanCreationException: Error creating bean with name 'healthContributorRegistry' defined in class path resource [org/springframework/boot/actuate/autoconfigure/health/HealthEndpointConfiguration.class]: Bean instantiation via factory method failed; nested exception is org.springframework.beans.BeanInstantiationException: Failed to instantiate [org.springframework.boot.actuate.health.HealthContributorRegistry]: Factory method 'healthContributorRegistry' threw exception; nested exception is org.springframework.beans.factory.UnsatisfiedDependencyException: Error creating bean with name 'configServerHealthIndicator' defined in class path resource [org/springframework/cloud/config/server/config/EnvironmentRepositoryConfiguration.class]: Unsatisfied dependency expressed through method 'configServerHealthIndicator' parameter 0; nested exception is org.springframework.beans.factory.UnsatisfiedDependencyException: Error creating bean with name 'org.springframework.cloud.config.server.config.CompositeConfiguration': Unsatisfied dependency expressed through method 'setEnvironmentRepos' parameter 0; nested exception is org.springframework.beans.factory.BeanCreationException: Error creating bean with name 'defaultEnvironmentRepository' defined in class path resource [org/springframework/cloud/config/server/config/DefaultRepositoryConfiguration.class]: Invocation of init method failed; nested exception is java.lang.IllegalStateException: You need to configure a uri for the git repository.
2020-03-24 21:52:45,862 INFO org.apache.juli.logging.DirectJDKLog [main] Stopping service [Tomcat]
2020-03-24 21:52:45,869 WARN org.springframework.context.support.AbstractApplicationContext [main] Exception encountered during context initialization - cancelling refresh attempt: org.springframework.context.ApplicationContextException: Unable to start web server; nested exception is org.springframework.boot.web.server.WebServerException: Unable to start embedded Tomcat
2020-03-24 21:52:45,884 INFO org.springframework.boot.autoconfigure.logging.ConditionEvaluationReportLoggingListener [main] 

Error starting ApplicationContext. To display the conditions report re-run your application with 'debug' enabled.
2020-03-24 21:52:45,886 ERROR org.springframework.boot.diagnostics.LoggingFailureAnalysisReporter [main] 

***************************
APPLICATION FAILED TO START
***************************

Description:

Invalid config server configuration.

Action:

If you are using the git profile, you need to set a Git URI in your configuration.  If you are using a native profile and have spring.cloud.config.server.bootstrap=true, you need to use a composite configuration.

2020-03-24 21:54:22,721 INFO org.springframework.boot.SpringApplication [main] The following profiles are active: qa
2020-03-24 21:54:23,652 INFO org.springframework.cloud.context.scope.GenericScope [main] BeanFactory id=7078d510-2b51-3138-96d7-ff8b06a4a54d
2020-03-24 21:54:24,221 INFO org.springframework.boot.web.embedded.tomcat.TomcatWebServer [main] Tomcat initialized with port(s): 8888 (http)
2020-03-24 21:54:24,232 INFO org.apache.juli.logging.DirectJDKLog [main] Initializing ProtocolHandler ["http-nio-8888"]
2020-03-24 21:54:24,232 INFO org.apache.juli.logging.DirectJDKLog [main] Starting service [Tomcat]
2020-03-24 21:54:24,233 INFO org.apache.juli.logging.DirectJDKLog [main] Starting Servlet engine: [Apache Tomcat/9.0.31]
2020-03-24 21:54:24,441 INFO org.apache.juli.logging.DirectJDKLog [main] Initializing Spring embedded WebApplicationContext
2020-03-24 21:54:24,442 INFO org.springframework.boot.web.servlet.context.ServletWebServerApplicationContext [main] Root WebApplicationContext: initialization completed in 1705 ms
2020-03-24 21:54:25,522 INFO org.springframework.scheduling.concurrent.ExecutorConfigurationSupport [main] Initializing ExecutorService 'applicationTaskExecutor'
2020-03-24 21:54:26,210 INFO org.springframework.boot.actuate.endpoint.web.EndpointLinksResolver [main] Exposing 2 endpoint(s) beneath base path '/actuator'
2020-03-24 21:54:26,247 INFO org.apache.juli.logging.DirectJDKLog [main] Starting ProtocolHandler ["http-nio-8888"]
2020-03-24 21:54:26,275 INFO org.springframework.boot.web.embedded.tomcat.TomcatWebServer [main] Tomcat started on port(s): 8888 (http) with context path ''
2020-03-24 21:54:26,533 INFO org.springframework.boot.StartupInfoLogger [main] Started CloudConfigServerApplication in 5.366 seconds (JVM running for 5.893)
2020-03-24 21:56:59,291 INFO org.springframework.boot.SpringApplication [main] The following profiles are active: qa
2020-03-24 21:57:00,227 INFO org.springframework.cloud.context.scope.GenericScope [main] BeanFactory id=fcb0076d-ec8a-3bc3-83c1-e3e163ee78f4
2020-03-24 21:57:00,924 INFO org.springframework.boot.web.embedded.tomcat.TomcatWebServer [main] Tomcat initialized with port(s): 8888 (http)
2020-03-24 21:57:00,934 INFO org.apache.juli.logging.DirectJDKLog [main] Initializing ProtocolHandler ["http-nio-8888"]
2020-03-24 21:57:00,935 INFO org.apache.juli.logging.DirectJDKLog [main] Starting service [Tomcat]
2020-03-24 21:57:00,935 INFO org.apache.juli.logging.DirectJDKLog [main] Starting Servlet engine: [Apache Tomcat/9.0.31]
2020-03-24 21:57:01,102 INFO org.apache.juli.logging.DirectJDKLog [main] Initializing Spring embedded WebApplicationContext
2020-03-24 21:57:01,102 INFO org.springframework.boot.web.servlet.context.ServletWebServerApplicationContext [main] Root WebApplicationContext: initialization completed in 1795 ms
2020-03-24 21:57:02,173 INFO org.springframework.scheduling.concurrent.ExecutorConfigurationSupport [main] Initializing ExecutorService 'applicationTaskExecutor'
2020-03-24 21:57:02,740 INFO org.springframework.boot.actuate.endpoint.web.EndpointLinksResolver [main] Exposing 15 endpoint(s) beneath base path '/actuator'
2020-03-24 21:57:02,783 INFO org.apache.juli.logging.DirectJDKLog [main] Starting ProtocolHandler ["http-nio-8888"]
2020-03-24 21:57:02,811 INFO org.springframework.boot.web.embedded.tomcat.TomcatWebServer [main] Tomcat started on port(s): 8888 (http) with context path ''
2020-03-24 21:57:03,113 INFO org.springframework.boot.StartupInfoLogger [main] Started CloudConfigServerApplication in 5.386 seconds (JVM running for 5.946)
2020-03-24 22:06:13,562 INFO org.apache.juli.logging.DirectJDKLog [http-nio-8888-exec-1] Initializing Spring DispatcherServlet 'dispatcherServlet'
2020-03-24 22:06:13,562 INFO org.springframework.web.servlet.FrameworkServlet [http-nio-8888-exec-1] Initializing Servlet 'dispatcherServlet'
2020-03-24 22:06:13,570 INFO org.springframework.web.servlet.FrameworkServlet [http-nio-8888-exec-1] Completed initialization in 8 ms
2020-03-24 22:08:18,846 INFO org.springframework.boot.SpringApplication [main] The following profiles are active: qa
2020-03-24 22:08:20,039 INFO org.springframework.cloud.context.scope.GenericScope [main] BeanFactory id=fcb0076d-ec8a-3bc3-83c1-e3e163ee78f4
2020-03-24 22:08:21,459 INFO org.springframework.boot.web.embedded.tomcat.TomcatWebServer [main] Tomcat initialized with port(s): 8888 (http)
2020-03-24 22:08:21,485 INFO org.apache.juli.logging.DirectJDKLog [main] Initializing ProtocolHandler ["http-nio-8888"]
2020-03-24 22:08:21,487 INFO org.apache.juli.logging.DirectJDKLog [main] Starting service [Tomcat]
2020-03-24 22:08:21,487 INFO org.apache.juli.logging.DirectJDKLog [main] Starting Servlet engine: [Apache Tomcat/9.0.31]
2020-03-24 22:08:21,940 INFO org.apache.juli.logging.DirectJDKLog [main] Initializing Spring embedded WebApplicationContext
2020-03-24 22:08:21,941 INFO org.springframework.boot.web.servlet.context.ServletWebServerApplicationContext [main] Root WebApplicationContext: initialization completed in 3069 ms
2020-03-24 22:08:24,381 INFO org.springframework.scheduling.concurrent.ExecutorConfigurationSupport [main] Initializing ExecutorService 'applicationTaskExecutor'
2020-03-24 22:08:25,791 INFO org.springframework.boot.actuate.endpoint.web.EndpointLinksResolver [main] Exposing 15 endpoint(s) beneath base path '/actuator'
2020-03-24 22:08:25,895 INFO org.apache.juli.logging.DirectJDKLog [main] Starting ProtocolHandler ["http-nio-8888"]
2020-03-24 22:08:25,943 INFO org.springframework.boot.web.embedded.tomcat.TomcatWebServer [main] Tomcat started on port(s): 8888 (http) with context path ''
2020-03-24 22:08:26,727 INFO org.springframework.boot.StartupInfoLogger [main] Started CloudConfigServerApplication in 9.612 seconds (JVM running for 10.113)
2020-03-24 22:11:08,173 INFO org.springframework.boot.SpringApplication [main] The following profiles are active: qa
2020-03-24 22:11:09,008 INFO org.springframework.cloud.context.scope.GenericScope [main] BeanFactory id=fcb0076d-ec8a-3bc3-83c1-e3e163ee78f4
2020-03-24 22:11:09,584 INFO org.springframework.boot.web.embedded.tomcat.TomcatWebServer [main] Tomcat initialized with port(s): 8888 (http)
2020-03-24 22:11:09,593 INFO org.apache.juli.logging.DirectJDKLog [main] Initializing ProtocolHandler ["http-nio-8888"]
2020-03-24 22:11:09,594 INFO org.apache.juli.logging.DirectJDKLog [main] Starting service [Tomcat]
2020-03-24 22:11:09,594 INFO org.apache.juli.logging.DirectJDKLog [main] Starting Servlet engine: [Apache Tomcat/9.0.31]
2020-03-24 22:11:09,818 INFO org.apache.juli.logging.DirectJDKLog [main] Initializing Spring embedded WebApplicationContext
2020-03-24 22:11:09,818 INFO org.springframework.boot.web.servlet.context.ServletWebServerApplicationContext [main] Root WebApplicationContext: initialization completed in 1630 ms
2020-03-24 22:11:10,229 ERROR org.springframework.boot.web.embedded.tomcat.TomcatStarter [main] Error starting Tomcat context. Exception: org.springframework.beans.factory.BeanCreationException. Message: Error creating bean with name 'servletEndpointRegistrar' defined in class path resource [org/springframework/boot/actuate/autoconfigure/endpoint/web/ServletEndpointManagementContextConfiguration$WebMvcServletEndpointManagementContextConfiguration.class]: Bean instantiation via factory method failed; nested exception is org.springframework.beans.BeanInstantiationException: Failed to instantiate [org.springframework.boot.actuate.endpoint.web.ServletEndpointRegistrar]: Factory method 'servletEndpointRegistrar' threw exception; nested exception is org.springframework.beans.factory.UnsatisfiedDependencyException: Error creating bean with name 'healthEndpoint' defined in class path resource [org/springframework/boot/actuate/autoconfigure/health/HealthEndpointConfiguration.class]: Unsatisfied dependency expressed through method 'healthEndpoint' parameter 0; nested exception is org.springframework.beans.factory.BeanCreationException: Error creating bean with name 'healthContributorRegistry' defined in class path resource [org/springframework/boot/actuate/autoconfigure/health/HealthEndpointConfiguration.class]: Bean instantiation via factory method failed; nested exception is org.springframework.beans.BeanInstantiationException: Failed to instantiate [org.springframework.boot.actuate.health.HealthContributorRegistry]: Factory method 'healthContributorRegistry' threw exception; nested exception is org.springframework.beans.factory.UnsatisfiedDependencyException: Error creating bean with name 'configServerHealthIndicator' defined in class path resource [org/springframework/cloud/config/server/config/EnvironmentRepositoryConfiguration.class]: Unsatisfied dependency expressed through method 'configServerHealthIndicator' parameter 0; nested exception is org.springframework.beans.factory.UnsatisfiedDependencyException: Error creating bean with name 'org.springframework.cloud.config.server.config.CompositeConfiguration': Unsatisfied dependency expressed through method 'setEnvironmentRepos' parameter 0; nested exception is org.springframework.beans.factory.BeanCreationException: Error creating bean with name 'defaultEnvironmentRepository' defined in class path resource [org/springframework/cloud/config/server/config/DefaultRepositoryConfiguration.class]: Invocation of init method failed; nested exception is java.lang.IllegalStateException: You need to configure a uri for the git repository.
2020-03-24 22:11:10,259 INFO org.apache.juli.logging.DirectJDKLog [main] Stopping service [Tomcat]
2020-03-24 22:11:10,264 WARN org.springframework.context.support.AbstractApplicationContext [main] Exception encountered during context initialization - cancelling refresh attempt: org.springframework.context.ApplicationContextException: Unable to start web server; nested exception is org.springframework.boot.web.server.WebServerException: Unable to start embedded Tomcat
2020-03-24 22:11:10,276 INFO org.springframework.boot.autoconfigure.logging.ConditionEvaluationReportLoggingListener [main] 

Error starting ApplicationContext. To display the conditions report re-run your application with 'debug' enabled.
2020-03-24 22:11:10,279 ERROR org.springframework.boot.diagnostics.LoggingFailureAnalysisReporter [main] 

***************************
APPLICATION FAILED TO START
***************************

Description:

Invalid config server configuration.

Action:

If you are using the git profile, you need to set a Git URI in your configuration.  If you are using a native profile and have spring.cloud.config.server.bootstrap=true, you need to use a composite configuration.

2020-03-24 22:12:01,338 INFO org.springframework.boot.SpringApplication [main] The following profiles are active: qa
2020-03-24 22:12:02,234 INFO org.springframework.cloud.context.scope.GenericScope [main] BeanFactory id=fcb0076d-ec8a-3bc3-83c1-e3e163ee78f4
2020-03-24 22:12:02,967 INFO org.springframework.boot.web.embedded.tomcat.TomcatWebServer [main] Tomcat initialized with port(s): 8888 (http)
2020-03-24 22:12:02,976 INFO org.apache.juli.logging.DirectJDKLog [main] Initializing ProtocolHandler ["http-nio-8888"]
2020-03-24 22:12:02,977 INFO org.apache.juli.logging.DirectJDKLog [main] Starting service [Tomcat]
2020-03-24 22:12:02,978 INFO org.apache.juli.logging.DirectJDKLog [main] Starting Servlet engine: [Apache Tomcat/9.0.31]
2020-03-24 22:12:03,131 INFO org.apache.juli.logging.DirectJDKLog [main] Initializing Spring embedded WebApplicationContext
2020-03-24 22:12:03,132 INFO org.springframework.boot.web.servlet.context.ServletWebServerApplicationContext [main] Root WebApplicationContext: initialization completed in 1779 ms
2020-03-24 22:12:04,119 INFO org.springframework.scheduling.concurrent.ExecutorConfigurationSupport [main] Initializing ExecutorService 'applicationTaskExecutor'
2020-03-24 22:12:04,669 INFO org.springframework.boot.actuate.endpoint.web.EndpointLinksResolver [main] Exposing 15 endpoint(s) beneath base path '/actuator'
2020-03-24 22:12:04,707 INFO org.apache.juli.logging.DirectJDKLog [main] Starting ProtocolHandler ["http-nio-8888"]
2020-03-24 22:12:04,732 INFO org.springframework.boot.web.embedded.tomcat.TomcatWebServer [main] Tomcat started on port(s): 8888 (http) with context path ''
2020-03-24 22:12:05,019 INFO org.springframework.boot.StartupInfoLogger [main] Started CloudConfigServerApplication in 5.245 seconds (JVM running for 5.75)
2020-03-24 22:21:15,682 INFO org.springframework.boot.SpringApplication [main] The following profiles are active: qa
2020-03-24 22:21:16,665 INFO org.springframework.cloud.context.scope.GenericScope [main] BeanFactory id=fcb0076d-ec8a-3bc3-83c1-e3e163ee78f4
2020-03-24 22:21:17,339 INFO org.springframework.boot.web.embedded.tomcat.TomcatWebServer [main] Tomcat initialized with port(s): 8888 (http)
2020-03-24 22:21:17,351 INFO org.apache.juli.logging.DirectJDKLog [main] Initializing ProtocolHandler ["http-nio-8888"]
2020-03-24 22:21:17,352 INFO org.apache.juli.logging.DirectJDKLog [main] Starting service [Tomcat]
2020-03-24 22:21:17,353 INFO org.apache.juli.logging.DirectJDKLog [main] Starting Servlet engine: [Apache Tomcat/9.0.31]
2020-03-24 22:21:17,573 INFO org.apache.juli.logging.DirectJDKLog [main] Initializing Spring embedded WebApplicationContext
2020-03-24 22:21:17,574 INFO org.springframework.boot.web.servlet.context.ServletWebServerApplicationContext [main] Root WebApplicationContext: initialization completed in 1873 ms
2020-03-24 22:21:18,697 INFO org.springframework.scheduling.concurrent.ExecutorConfigurationSupport [main] Initializing ExecutorService 'applicationTaskExecutor'
2020-03-24 22:21:19,312 INFO org.springframework.boot.actuate.endpoint.web.EndpointLinksResolver [main] Exposing 15 endpoint(s) beneath base path '/actuator'
2020-03-24 22:21:19,359 INFO org.apache.juli.logging.DirectJDKLog [main] Starting ProtocolHandler ["http-nio-8888"]
2020-03-24 22:21:19,371 INFO org.apache.juli.logging.DirectJDKLog [main] Pausing ProtocolHandler ["http-nio-8888"]
2020-03-24 22:21:19,372 INFO org.apache.juli.logging.DirectJDKLog [main] Stopping service [Tomcat]
2020-03-24 22:21:19,379 INFO org.apache.juli.logging.DirectJDKLog [main] Stopping ProtocolHandler ["http-nio-8888"]
2020-03-24 22:21:19,379 INFO org.apache.juli.logging.DirectJDKLog [main] Destroying ProtocolHandler ["http-nio-8888"]
2020-03-24 22:21:19,383 INFO org.springframework.boot.autoconfigure.logging.ConditionEvaluationReportLoggingListener [main] 

Error starting ApplicationContext. To display the conditions report re-run your application with 'debug' enabled.
2020-03-24 22:21:19,385 WARN org.springframework.beans.factory.support.DisposableBeanAdapter [main] Invocation of destroy method failed on bean with name 'tomcatMetricsBinder': java.lang.NullPointerException
2020-03-24 22:21:19,385 INFO org.springframework.scheduling.concurrent.ExecutorConfigurationSupport [main] Shutting down ExecutorService 'applicationTaskExecutor'
2020-03-24 22:21:19,390 ERROR org.springframework.boot.diagnostics.LoggingFailureAnalysisReporter [main] 

***************************
APPLICATION FAILED TO START
***************************

Description:

Web server failed to start. Port 8888 was already in use.

Action:

Identify and stop the process that's listening on port 8888 or configure this application to listen on another port.

